[2019-06-11] [22:55:06.709] [INFO] [c.e.b.BasicApplication] [StartupInfoLogger.java:50 [Starting BasicApplication on DESKTOP-DI6BTT0 with PID 7600 (C:\2019Study\springboot-example\basic-example\out\production\classes started by woosun in C:\2019Study\springboot-example\basic-example)]
[2019-06-11] [22:55:06.715] [INFO] [c.e.b.BasicApplication] [SpringApplication.java:675 [No active profile set, falling back to default profiles: default]
[2019-06-11] [22:55:07.726] [INFO] [o.s.d.r.c.RepositoryConfigurationDelegate] [RepositoryConfigurationDelegate.java:126 [Bootstrapping Spring Data repositories in DEFAULT mode.]
[2019-06-11] [22:55:07.823] [INFO] [o.s.d.r.c.RepositoryConfigurationDelegate] [RepositoryConfigurationDelegate.java:182 [Finished Spring Data repository scanning in 72ms. Found 1 repository interfaces.]
[2019-06-11] [22:55:08.152] [INFO] [o.s.c.s.PostProcessorRegistrationDelegate$BeanPostProcessorChecker] [PostProcessorRegistrationDelegate.java:330 [Bean 'org.springframework.transaction.annotation.ProxyTransactionManagementConfiguration' of type [org.springframework.transaction.annotation.ProxyTransactionManagementConfiguration$$EnhancerBySpringCGLIB$$e7f09644] is not eligible for getting processed by all BeanPostProcessors (for example: not eligible for auto-proxying)]
[2019-06-11] [22:55:08.579] [INFO] [o.s.b.w.e.t.TomcatWebServer] [TomcatWebServer.java:90 [Tomcat initialized with port(s): 8080 (http)]
[2019-06-11] [22:55:08.601] [INFO] [o.a.c.c.StandardService] [DirectJDKLog.java:173 [Starting service [Tomcat]]
[2019-06-11] [22:55:08.601] [INFO] [o.a.c.c.StandardEngine] [DirectJDKLog.java:173 [Starting Servlet engine: [Apache Tomcat/9.0.17]]
[2019-06-11] [22:55:08.749] [INFO] [o.a.c.c.C.[.[.[/]] [DirectJDKLog.java:173 [Initializing Spring embedded WebApplicationContext]
[2019-06-11] [22:55:08.750] [INFO] [o.s.w.c.ContextLoader] [ServletWebServerApplicationContext.java:296 [Root WebApplicationContext: initialization completed in 1954 ms]
[2019-06-11] [22:55:08.859] [INFO] [c.z.h.HikariDataSource] [HikariDataSource.java:110 [HikariPool-1 - Starting...]
[2019-06-11] [22:55:08.958] [INFO] [c.z.h.p.PoolBase] [PoolBase.java:525 [HikariPool-1 - Driver does not support get/set network timeout for connections. (org.h2.jdbc.JdbcConnection.getNetworkTimeout()I)]
[2019-06-11] [22:55:08.966] [INFO] [c.z.h.HikariDataSource] [HikariDataSource.java:123 [HikariPool-1 - Start completed.]
[2019-06-11] [22:55:09.031] [INFO] [o.h.j.i.u.LogHelper] [LogHelper.java:31 [HHH000204: Processing PersistenceUnitInfo [
	name: default
	...]]
[2019-06-11] [22:55:09.123] [INFO] [o.h.Version] [Version.java:46 [HHH000412: Hibernate Core {5.3.9.Final}]
[2019-06-11] [22:55:09.125] [INFO] [o.h.c.Environment] [Environment.java:213 [HHH000206: hibernate.properties not found]
[2019-06-11] [22:55:09.303] [INFO] [o.h.a.c.Version] [JavaReflectionManager.java:49 [HCANN000001: Hibernate Commons Annotations {5.0.4.Final}]
[2019-06-11] [22:55:09.473] [INFO] [o.h.d.Dialect] [Dialect.java:157 [HHH000400: Using dialect: org.hibernate.dialect.H2Dialect]
[2019-06-11] [22:55:09.518] [INFO] [o.h.e.j.e.i.LobCreatorBuilderImpl] [LobCreatorBuilderImpl.java:98 [HHH000423: Disabling contextual LOB creation as JDBC driver reported JDBC version [3] less than 4]
[2019-06-11] [22:55:10.137] [INFO] [o.h.t.s.i.SchemaCreatorImpl] [SchemaCreatorImpl.java:489 [HHH000476: Executing import script 'org.hibernate.tool.schema.internal.exec.ScriptSourceInputNonExistentImpl@5e50df2e']
[2019-06-11] [22:55:10.140] [INFO] [o.s.o.j.LocalContainerEntityManagerFactoryBean] [AbstractEntityManagerFactoryBean.java:415 [Initialized JPA EntityManagerFactory for persistence unit 'default']
[2019-06-11] [22:55:10.745] [INFO] [o.s.s.c.ThreadPoolTaskExecutor] [ExecutorConfigurationSupport.java:171 [Initializing ExecutorService 'applicationTaskExecutor']
[2019-06-11] [22:55:10.787] [WARN] [o.s.b.a.o.j.JpaBaseConfiguration$JpaWebConfiguration$JpaWebMvcConfiguration] [JpaBaseConfiguration.java:237 [spring.jpa.open-in-view is enabled by default. Therefore, database queries may be performed during view rendering. Explicitly configure spring.jpa.open-in-view to disable this warning]
[2019-06-11] [22:55:10.885] [INFO] [o.s.b.a.w.s.WelcomePageHandlerMapping] [WelcomePageHandlerMapping.java:61 [Adding welcome page template: index]
[2019-06-11] [22:55:11.082] [INFO] [o.s.b.w.e.t.TomcatWebServer] [TomcatWebServer.java:204 [Tomcat started on port(s): 8080 (http) with context path '']
[2019-06-11] [22:55:11.083] [INFO] [c.e.b.BasicApplication] [StartupInfoLogger.java:59 [Started BasicApplication in 4.886 seconds (JVM running for 5.379)]
[2019-06-11] [22:55:11.085] [INFO] [c.e.b.BasicApplication] [BasicApplication.java:17 [hello]
[2019-06-11] [23:01:36.318] [INFO] [o.a.c.c.C.[.[.[/]] [DirectJDKLog.java:173 [Initializing Spring DispatcherServlet 'dispatcherServlet']
[2019-06-11] [23:01:36.318] [INFO] [o.s.w.s.DispatcherServlet] [FrameworkServlet.java:524 [Initializing Servlet 'dispatcherServlet']
[2019-06-11] [23:01:36.326] [INFO] [o.s.w.s.DispatcherServlet] [FrameworkServlet.java:546 [Completed initialization in 8 ms]
[2019-06-11] [23:39:20.784] [INFO] [c.e.b.BasicApplication] [StartupInfoLogger.java:50 [Starting BasicApplication on DESKTOP-DI6BTT0 with PID 4964 (C:\2019Study\springboot-example\basic-example\out\production\classes started by woosun in C:\2019Study\springboot-example\basic-example)]
[2019-06-11] [23:39:20.786] [INFO] [c.e.b.BasicApplication] [SpringApplication.java:675 [No active profile set, falling back to default profiles: default]
[2019-06-11] [23:39:21.416] [INFO] [o.s.d.r.c.RepositoryConfigurationDelegate] [RepositoryConfigurationDelegate.java:126 [Bootstrapping Spring Data repositories in DEFAULT mode.]
[2019-06-11] [23:39:21.473] [INFO] [o.s.d.r.c.RepositoryConfigurationDelegate] [RepositoryConfigurationDelegate.java:182 [Finished Spring Data repository scanning in 50ms. Found 1 repository interfaces.]
[2019-06-11] [23:39:21.757] [INFO] [o.s.c.s.PostProcessorRegistrationDelegate$BeanPostProcessorChecker] [PostProcessorRegistrationDelegate.java:330 [Bean 'org.springframework.transaction.annotation.ProxyTransactionManagementConfiguration' of type [org.springframework.transaction.annotation.ProxyTransactionManagementConfiguration$$EnhancerBySpringCGLIB$$133658ba] is not eligible for getting processed by all BeanPostProcessors (for example: not eligible for auto-proxying)]
[2019-06-11] [23:39:22.159] [INFO] [o.s.b.w.e.t.TomcatWebServer] [TomcatWebServer.java:90 [Tomcat initialized with port(s): 8080 (http)]
[2019-06-11] [23:39:22.181] [INFO] [o.a.c.c.StandardService] [DirectJDKLog.java:173 [Starting service [Tomcat]]
[2019-06-11] [23:39:22.181] [INFO] [o.a.c.c.StandardEngine] [DirectJDKLog.java:173 [Starting Servlet engine: [Apache Tomcat/9.0.17]]
[2019-06-11] [23:39:22.297] [INFO] [o.a.c.c.C.[.[.[/]] [DirectJDKLog.java:173 [Initializing Spring embedded WebApplicationContext]
[2019-06-11] [23:39:22.297] [INFO] [o.s.w.c.ContextLoader] [ServletWebServerApplicationContext.java:296 [Root WebApplicationContext: initialization completed in 1458 ms]
[2019-06-11] [23:39:22.425] [INFO] [c.z.h.HikariDataSource] [HikariDataSource.java:110 [HikariPool-1 - Starting...]
[2019-06-11] [23:39:22.503] [INFO] [c.z.h.p.PoolBase] [PoolBase.java:525 [HikariPool-1 - Driver does not support get/set network timeout for connections. (org.h2.jdbc.JdbcConnection.getNetworkTimeout()I)]
[2019-06-11] [23:39:22.510] [INFO] [c.z.h.HikariDataSource] [HikariDataSource.java:123 [HikariPool-1 - Start completed.]
[2019-06-11] [23:39:22.563] [INFO] [o.h.j.i.u.LogHelper] [LogHelper.java:31 [HHH000204: Processing PersistenceUnitInfo [
	name: default
	...]]
[2019-06-11] [23:39:22.627] [INFO] [o.h.Version] [Version.java:46 [HHH000412: Hibernate Core {5.3.9.Final}]
[2019-06-11] [23:39:22.629] [INFO] [o.h.c.Environment] [Environment.java:213 [HHH000206: hibernate.properties not found]
[2019-06-11] [23:39:22.761] [INFO] [o.h.a.c.Version] [JavaReflectionManager.java:49 [HCANN000001: Hibernate Commons Annotations {5.0.4.Final}]
[2019-06-11] [23:39:22.900] [INFO] [o.h.d.Dialect] [Dialect.java:157 [HHH000400: Using dialect: org.hibernate.dialect.H2Dialect]
[2019-06-11] [23:39:22.944] [INFO] [o.h.e.j.e.i.LobCreatorBuilderImpl] [LobCreatorBuilderImpl.java:98 [HHH000423: Disabling contextual LOB creation as JDBC driver reported JDBC version [3] less than 4]
[2019-06-11] [23:39:23.456] [INFO] [o.h.t.s.i.SchemaCreatorImpl] [SchemaCreatorImpl.java:489 [HHH000476: Executing import script 'org.hibernate.tool.schema.internal.exec.ScriptSourceInputNonExistentImpl@724bf25f']
[2019-06-11] [23:39:23.459] [INFO] [o.s.o.j.LocalContainerEntityManagerFactoryBean] [AbstractEntityManagerFactoryBean.java:415 [Initialized JPA EntityManagerFactory for persistence unit 'default']
[2019-06-11] [23:39:24.003] [INFO] [o.s.s.c.ThreadPoolTaskExecutor] [ExecutorConfigurationSupport.java:171 [Initializing ExecutorService 'applicationTaskExecutor']
[2019-06-11] [23:39:24.041] [WARN] [o.s.b.a.o.j.JpaBaseConfiguration$JpaWebConfiguration$JpaWebMvcConfiguration] [JpaBaseConfiguration.java:237 [spring.jpa.open-in-view is enabled by default. Therefore, database queries may be performed during view rendering. Explicitly configure spring.jpa.open-in-view to disable this warning]
[2019-06-11] [23:39:24.227] [INFO] [o.s.b.a.w.s.WelcomePageHandlerMapping] [WelcomePageHandlerMapping.java:61 [Adding welcome page template: index]
[2019-06-11] [23:39:24.333] [INFO] [o.s.b.w.e.t.TomcatWebServer] [TomcatWebServer.java:204 [Tomcat started on port(s): 8080 (http) with context path '']
[2019-06-11] [23:39:24.334] [INFO] [c.e.b.BasicApplication] [StartupInfoLogger.java:59 [Started BasicApplication in 3.943 seconds (JVM running for 4.332)]
[2019-06-11] [23:39:24.336] [INFO] [c.e.b.BasicApplication] [BasicApplication.java:17 [hello]
[2019-06-11] [23:51:28.791] [INFO] [c.e.b.BasicApplication] [StartupInfoLogger.java:50 [Starting BasicApplication on DESKTOP-DI6BTT0 with PID 19440 (C:\2019Study\springboot-example\basic-example\out\production\classes started by woosun in C:\2019Study\springboot-example\basic-example)]
[2019-06-11] [23:51:28.793] [INFO] [c.e.b.BasicApplication] [SpringApplication.java:675 [No active profile set, falling back to default profiles: default]
[2019-06-11] [23:51:29.448] [INFO] [o.s.d.r.c.RepositoryConfigurationDelegate] [RepositoryConfigurationDelegate.java:126 [Bootstrapping Spring Data repositories in DEFAULT mode.]
[2019-06-11] [23:51:29.515] [INFO] [o.s.d.r.c.RepositoryConfigurationDelegate] [RepositoryConfigurationDelegate.java:182 [Finished Spring Data repository scanning in 60ms. Found 1 repository interfaces.]
[2019-06-11] [23:51:29.789] [INFO] [o.s.c.s.PostProcessorRegistrationDelegate$BeanPostProcessorChecker] [PostProcessorRegistrationDelegate.java:330 [Bean 'org.springframework.transaction.annotation.ProxyTransactionManagementConfiguration' of type [org.springframework.transaction.annotation.ProxyTransactionManagementConfiguration$$EnhancerBySpringCGLIB$$7d1f36f9] is not eligible for getting processed by all BeanPostProcessors (for example: not eligible for auto-proxying)]
[2019-06-11] [23:51:30.207] [INFO] [o.s.b.w.e.t.TomcatWebServer] [TomcatWebServer.java:90 [Tomcat initialized with port(s): 8080 (http)]
[2019-06-11] [23:51:30.229] [INFO] [o.a.c.c.StandardService] [DirectJDKLog.java:173 [Starting service [Tomcat]]
[2019-06-11] [23:51:30.229] [INFO] [o.a.c.c.StandardEngine] [DirectJDKLog.java:173 [Starting Servlet engine: [Apache Tomcat/9.0.17]]
[2019-06-11] [23:51:30.347] [INFO] [o.a.c.c.C.[.[.[/]] [DirectJDKLog.java:173 [Initializing Spring embedded WebApplicationContext]
[2019-06-11] [23:51:30.347] [INFO] [o.s.w.c.ContextLoader] [ServletWebServerApplicationContext.java:296 [Root WebApplicationContext: initialization completed in 1506 ms]
[2019-06-11] [23:51:30.492] [INFO] [c.z.h.HikariDataSource] [HikariDataSource.java:110 [HikariPool-1 - Starting...]
[2019-06-11] [23:51:30.570] [INFO] [c.z.h.p.PoolBase] [PoolBase.java:525 [HikariPool-1 - Driver does not support get/set network timeout for connections. (org.h2.jdbc.JdbcConnection.getNetworkTimeout()I)]
[2019-06-11] [23:51:30.578] [INFO] [c.z.h.HikariDataSource] [HikariDataSource.java:123 [HikariPool-1 - Start completed.]
[2019-06-11] [23:51:30.630] [INFO] [o.h.j.i.u.LogHelper] [LogHelper.java:31 [HHH000204: Processing PersistenceUnitInfo [
	name: default
	...]]
[2019-06-11] [23:51:30.692] [INFO] [o.h.Version] [Version.java:46 [HHH000412: Hibernate Core {5.3.9.Final}]
[2019-06-11] [23:51:30.694] [INFO] [o.h.c.Environment] [Environment.java:213 [HHH000206: hibernate.properties not found]
[2019-06-11] [23:51:30.831] [INFO] [o.h.a.c.Version] [JavaReflectionManager.java:49 [HCANN000001: Hibernate Commons Annotations {5.0.4.Final}]
[2019-06-11] [23:51:30.974] [INFO] [o.h.d.Dialect] [Dialect.java:157 [HHH000400: Using dialect: org.hibernate.dialect.H2Dialect]
[2019-06-11] [23:51:31.017] [INFO] [o.h.e.j.e.i.LobCreatorBuilderImpl] [LobCreatorBuilderImpl.java:98 [HHH000423: Disabling contextual LOB creation as JDBC driver reported JDBC version [3] less than 4]
[2019-06-11] [23:51:31.562] [INFO] [o.h.t.s.i.SchemaCreatorImpl] [SchemaCreatorImpl.java:489 [HHH000476: Executing import script 'org.hibernate.tool.schema.internal.exec.ScriptSourceInputNonExistentImpl@7418d76e']
[2019-06-11] [23:51:31.565] [INFO] [o.s.o.j.LocalContainerEntityManagerFactoryBean] [AbstractEntityManagerFactoryBean.java:415 [Initialized JPA EntityManagerFactory for persistence unit 'default']
[2019-06-11] [23:51:32.202] [INFO] [o.s.s.c.ThreadPoolTaskExecutor] [ExecutorConfigurationSupport.java:171 [Initializing ExecutorService 'applicationTaskExecutor']
[2019-06-11] [23:51:32.259] [WARN] [o.s.b.a.o.j.JpaBaseConfiguration$JpaWebConfiguration$JpaWebMvcConfiguration] [JpaBaseConfiguration.java:237 [spring.jpa.open-in-view is enabled by default. Therefore, database queries may be performed during view rendering. Explicitly configure spring.jpa.open-in-view to disable this warning]
[2019-06-11] [23:51:32.444] [INFO] [o.s.b.a.w.s.WelcomePageHandlerMapping] [WelcomePageHandlerMapping.java:61 [Adding welcome page template: index]
[2019-06-11] [23:51:32.565] [INFO] [o.s.b.w.e.t.TomcatWebServer] [TomcatWebServer.java:204 [Tomcat started on port(s): 8080 (http) with context path '']
[2019-06-11] [23:51:32.566] [INFO] [c.e.b.BasicApplication] [StartupInfoLogger.java:59 [Started BasicApplication in 4.195 seconds (JVM running for 4.592)]
[2019-06-11] [23:51:32.568] [INFO] [c.e.b.BasicApplication] [BasicApplication.java:17 [hello]
[2019-06-11] [23:51:33.843] [INFO] [o.a.c.c.C.[.[.[/]] [DirectJDKLog.java:173 [Initializing Spring DispatcherServlet 'dispatcherServlet']
[2019-06-11] [23:51:33.844] [INFO] [o.s.w.s.DispatcherServlet] [FrameworkServlet.java:524 [Initializing Servlet 'dispatcherServlet']
[2019-06-11] [23:51:33.852] [INFO] [o.s.w.s.DispatcherServlet] [FrameworkServlet.java:546 [Completed initialization in 8 ms]
[2019-06-11] [23:51:35.801] [INFO] [o.h.h.i.QueryTranslatorFactoryInitiator] [QueryTranslatorFactoryInitiator.java:47 [HHH000397: Using ASTQueryTranslatorFactory]
[2019-06-11] [23:52:07.974] [INFO] [c.e.b.BasicApplication] [StartupInfoLogger.java:50 [Starting BasicApplication on DESKTOP-DI6BTT0 with PID 18528 (C:\2019Study\springboot-example\basic-example\out\production\classes started by woosun in C:\2019Study\springboot-example\basic-example)]
[2019-06-11] [23:52:07.976] [INFO] [c.e.b.BasicApplication] [SpringApplication.java:675 [No active profile set, falling back to default profiles: default]
[2019-06-11] [23:52:08.611] [INFO] [o.s.d.r.c.RepositoryConfigurationDelegate] [RepositoryConfigurationDelegate.java:126 [Bootstrapping Spring Data repositories in DEFAULT mode.]
[2019-06-11] [23:52:08.671] [INFO] [o.s.d.r.c.RepositoryConfigurationDelegate] [RepositoryConfigurationDelegate.java:182 [Finished Spring Data repository scanning in 54ms. Found 1 repository interfaces.]
[2019-06-11] [23:52:08.966] [INFO] [o.s.c.s.PostProcessorRegistrationDelegate$BeanPostProcessorChecker] [PostProcessorRegistrationDelegate.java:330 [Bean 'org.springframework.transaction.annotation.ProxyTransactionManagementConfiguration' of type [org.springframework.transaction.annotation.ProxyTransactionManagementConfiguration$$EnhancerBySpringCGLIB$$b5410c00] is not eligible for getting processed by all BeanPostProcessors (for example: not eligible for auto-proxying)]
[2019-06-11] [23:52:09.378] [INFO] [o.s.b.w.e.t.TomcatWebServer] [TomcatWebServer.java:90 [Tomcat initialized with port(s): 8080 (http)]
[2019-06-11] [23:52:09.402] [INFO] [o.a.c.c.StandardService] [DirectJDKLog.java:173 [Starting service [Tomcat]]
[2019-06-11] [23:52:09.402] [INFO] [o.a.c.c.StandardEngine] [DirectJDKLog.java:173 [Starting Servlet engine: [Apache Tomcat/9.0.17]]
[2019-06-11] [23:52:09.574] [INFO] [o.a.c.c.C.[.[.[/]] [DirectJDKLog.java:173 [Initializing Spring embedded WebApplicationContext]
[2019-06-11] [23:52:09.575] [INFO] [o.s.w.c.ContextLoader] [ServletWebServerApplicationContext.java:296 [Root WebApplicationContext: initialization completed in 1543 ms]
[2019-06-11] [23:52:09.664] [INFO] [c.z.h.HikariDataSource] [HikariDataSource.java:110 [HikariPool-1 - Starting...]
[2019-06-11] [23:52:09.744] [INFO] [c.z.h.p.PoolBase] [PoolBase.java:525 [HikariPool-1 - Driver does not support get/set network timeout for connections. (org.h2.jdbc.JdbcConnection.getNetworkTimeout()I)]
[2019-06-11] [23:52:09.752] [INFO] [c.z.h.HikariDataSource] [HikariDataSource.java:123 [HikariPool-1 - Start completed.]
[2019-06-11] [23:52:09.807] [INFO] [o.h.j.i.u.LogHelper] [LogHelper.java:31 [HHH000204: Processing PersistenceUnitInfo [
	name: default
	...]]
[2019-06-11] [23:52:09.871] [INFO] [o.h.Version] [Version.java:46 [HHH000412: Hibernate Core {5.3.9.Final}]
[2019-06-11] [23:52:09.873] [INFO] [o.h.c.Environment] [Environment.java:213 [HHH000206: hibernate.properties not found]
[2019-06-11] [23:52:10.014] [INFO] [o.h.a.c.Version] [JavaReflectionManager.java:49 [HCANN000001: Hibernate Commons Annotations {5.0.4.Final}]
[2019-06-11] [23:52:10.154] [INFO] [o.h.d.Dialect] [Dialect.java:157 [HHH000400: Using dialect: org.hibernate.dialect.H2Dialect]
[2019-06-11] [23:52:10.197] [INFO] [o.h.e.j.e.i.LobCreatorBuilderImpl] [LobCreatorBuilderImpl.java:98 [HHH000423: Disabling contextual LOB creation as JDBC driver reported JDBC version [3] less than 4]
[2019-06-11] [23:52:10.723] [INFO] [o.h.t.s.i.SchemaCreatorImpl] [SchemaCreatorImpl.java:489 [HHH000476: Executing import script 'org.hibernate.tool.schema.internal.exec.ScriptSourceInputNonExistentImpl@28393e82']
[2019-06-11] [23:52:10.726] [INFO] [o.s.o.j.LocalContainerEntityManagerFactoryBean] [AbstractEntityManagerFactoryBean.java:415 [Initialized JPA EntityManagerFactory for persistence unit 'default']
[2019-06-11] [23:52:11.304] [INFO] [o.s.s.c.ThreadPoolTaskExecutor] [ExecutorConfigurationSupport.java:171 [Initializing ExecutorService 'applicationTaskExecutor']
[2019-06-11] [23:52:11.356] [WARN] [o.s.b.a.o.j.JpaBaseConfiguration$JpaWebConfiguration$JpaWebMvcConfiguration] [JpaBaseConfiguration.java:237 [spring.jpa.open-in-view is enabled by default. Therefore, database queries may be performed during view rendering. Explicitly configure spring.jpa.open-in-view to disable this warning]
[2019-06-11] [23:52:11.445] [INFO] [o.s.b.a.w.s.WelcomePageHandlerMapping] [WelcomePageHandlerMapping.java:61 [Adding welcome page template: index]
[2019-06-11] [23:52:11.638] [INFO] [o.s.b.w.e.t.TomcatWebServer] [TomcatWebServer.java:204 [Tomcat started on port(s): 8080 (http) with context path '']
[2019-06-11] [23:52:11.639] [INFO] [c.e.b.BasicApplication] [StartupInfoLogger.java:59 [Started BasicApplication in 4.101 seconds (JVM running for 4.496)]
[2019-06-11] [23:52:11.641] [INFO] [c.e.b.BasicApplication] [BasicApplication.java:17 [hello]
[2019-06-11] [23:52:34.214] [INFO] [o.a.c.c.C.[.[.[/]] [DirectJDKLog.java:173 [Initializing Spring DispatcherServlet 'dispatcherServlet']
[2019-06-11] [23:52:34.214] [INFO] [o.s.w.s.DispatcherServlet] [FrameworkServlet.java:524 [Initializing Servlet 'dispatcherServlet']
[2019-06-11] [23:52:34.221] [INFO] [o.s.w.s.DispatcherServlet] [FrameworkServlet.java:546 [Completed initialization in 7 ms]
[2019-06-11] [23:52:35.778] [INFO] [o.h.h.i.QueryTranslatorFactoryInitiator] [QueryTranslatorFactoryInitiator.java:47 [HHH000397: Using ASTQueryTranslatorFactory]
[2019-06-11] [23:53:21.659] [INFO] [c.e.b.BasicApplication] [StartupInfoLogger.java:50 [Starting BasicApplication on DESKTOP-DI6BTT0 with PID 4396 (C:\2019Study\springboot-example\basic-example\out\production\classes started by woosun in C:\2019Study\springboot-example\basic-example)]
[2019-06-11] [23:53:21.661] [INFO] [c.e.b.BasicApplication] [SpringApplication.java:675 [No active profile set, falling back to default profiles: default]
[2019-06-11] [23:53:22.307] [INFO] [o.s.d.r.c.RepositoryConfigurationDelegate] [RepositoryConfigurationDelegate.java:126 [Bootstrapping Spring Data repositories in DEFAULT mode.]
[2019-06-11] [23:53:22.366] [INFO] [o.s.d.r.c.RepositoryConfigurationDelegate] [RepositoryConfigurationDelegate.java:182 [Finished Spring Data repository scanning in 52ms. Found 1 repository interfaces.]
[2019-06-11] [23:53:22.671] [INFO] [o.s.c.s.PostProcessorRegistrationDelegate$BeanPostProcessorChecker] [PostProcessorRegistrationDelegate.java:330 [Bean 'org.springframework.transaction.annotation.ProxyTransactionManagementConfiguration' of type [org.springframework.transaction.annotation.ProxyTransactionManagementConfiguration$$EnhancerBySpringCGLIB$$8d52652d] is not eligible for getting processed by all BeanPostProcessors (for example: not eligible for auto-proxying)]
[2019-06-11] [23:53:23.070] [INFO] [o.s.b.w.e.t.TomcatWebServer] [TomcatWebServer.java:90 [Tomcat initialized with port(s): 8080 (http)]
[2019-06-11] [23:53:23.094] [INFO] [o.a.c.c.StandardService] [DirectJDKLog.java:173 [Starting service [Tomcat]]
[2019-06-11] [23:53:23.095] [INFO] [o.a.c.c.StandardEngine] [DirectJDKLog.java:173 [Starting Servlet engine: [Apache Tomcat/9.0.17]]
[2019-06-11] [23:53:23.295] [INFO] [o.a.c.c.C.[.[.[/]] [DirectJDKLog.java:173 [Initializing Spring embedded WebApplicationContext]
[2019-06-11] [23:53:23.295] [INFO] [o.s.w.c.ContextLoader] [ServletWebServerApplicationContext.java:296 [Root WebApplicationContext: initialization completed in 1587 ms]
[2019-06-11] [23:53:23.382] [INFO] [c.z.h.HikariDataSource] [HikariDataSource.java:110 [HikariPool-1 - Starting...]
[2019-06-11] [23:53:23.462] [INFO] [c.z.h.p.PoolBase] [PoolBase.java:525 [HikariPool-1 - Driver does not support get/set network timeout for connections. (org.h2.jdbc.JdbcConnection.getNetworkTimeout()I)]
[2019-06-11] [23:53:23.470] [INFO] [c.z.h.HikariDataSource] [HikariDataSource.java:123 [HikariPool-1 - Start completed.]
[2019-06-11] [23:53:23.525] [INFO] [o.h.j.i.u.LogHelper] [LogHelper.java:31 [HHH000204: Processing PersistenceUnitInfo [
	name: default
	...]]
[2019-06-11] [23:53:23.592] [INFO] [o.h.Version] [Version.java:46 [HHH000412: Hibernate Core {5.3.9.Final}]
[2019-06-11] [23:53:23.594] [INFO] [o.h.c.Environment] [Environment.java:213 [HHH000206: hibernate.properties not found]
[2019-06-11] [23:53:23.735] [INFO] [o.h.a.c.Version] [JavaReflectionManager.java:49 [HCANN000001: Hibernate Commons Annotations {5.0.4.Final}]
[2019-06-11] [23:53:23.879] [INFO] [o.h.d.Dialect] [Dialect.java:157 [HHH000400: Using dialect: org.hibernate.dialect.H2Dialect]
[2019-06-11] [23:53:23.923] [INFO] [o.h.e.j.e.i.LobCreatorBuilderImpl] [LobCreatorBuilderImpl.java:98 [HHH000423: Disabling contextual LOB creation as JDBC driver reported JDBC version [3] less than 4]
[2019-06-11] [23:53:24.560] [INFO] [o.h.t.s.i.SchemaCreatorImpl] [SchemaCreatorImpl.java:489 [HHH000476: Executing import script 'org.hibernate.tool.schema.internal.exec.ScriptSourceInputNonExistentImpl@2fe2965c']
[2019-06-11] [23:53:24.563] [INFO] [o.s.o.j.LocalContainerEntityManagerFactoryBean] [AbstractEntityManagerFactoryBean.java:415 [Initialized JPA EntityManagerFactory for persistence unit 'default']
[2019-06-11] [23:53:25.147] [INFO] [o.s.s.c.ThreadPoolTaskExecutor] [ExecutorConfigurationSupport.java:171 [Initializing ExecutorService 'applicationTaskExecutor']
[2019-06-11] [23:53:25.187] [WARN] [o.s.b.a.o.j.JpaBaseConfiguration$JpaWebConfiguration$JpaWebMvcConfiguration] [JpaBaseConfiguration.java:237 [spring.jpa.open-in-view is enabled by default. Therefore, database queries may be performed during view rendering. Explicitly configure spring.jpa.open-in-view to disable this warning]
[2019-06-11] [23:53:25.371] [INFO] [o.s.b.a.w.s.WelcomePageHandlerMapping] [WelcomePageHandlerMapping.java:61 [Adding welcome page template: index]
[2019-06-11] [23:53:25.478] [INFO] [o.s.b.w.e.t.TomcatWebServer] [TomcatWebServer.java:204 [Tomcat started on port(s): 8080 (http) with context path '']
[2019-06-11] [23:53:25.479] [INFO] [c.e.b.BasicApplication] [StartupInfoLogger.java:59 [Started BasicApplication in 4.232 seconds (JVM running for 4.625)]
[2019-06-11] [23:53:25.481] [INFO] [c.e.b.BasicApplication] [BasicApplication.java:17 [hello]
[2019-06-11] [23:53:33.871] [INFO] [c.e.b.BasicApplication] [StartupInfoLogger.java:50 [Starting BasicApplication on DESKTOP-DI6BTT0 with PID 1160 (C:\2019Study\springboot-example\basic-example\out\production\classes started by woosun in C:\2019Study\springboot-example\basic-example)]
[2019-06-11] [23:53:33.874] [INFO] [c.e.b.BasicApplication] [SpringApplication.java:675 [No active profile set, falling back to default profiles: default]
[2019-06-11] [23:53:34.552] [INFO] [o.s.d.r.c.RepositoryConfigurationDelegate] [RepositoryConfigurationDelegate.java:126 [Bootstrapping Spring Data repositories in DEFAULT mode.]
[2019-06-11] [23:53:34.613] [INFO] [o.s.d.r.c.RepositoryConfigurationDelegate] [RepositoryConfigurationDelegate.java:182 [Finished Spring Data repository scanning in 53ms. Found 1 repository interfaces.]
[2019-06-11] [23:53:34.918] [INFO] [o.s.c.s.PostProcessorRegistrationDelegate$BeanPostProcessorChecker] [PostProcessorRegistrationDelegate.java:330 [Bean 'org.springframework.transaction.annotation.ProxyTransactionManagementConfiguration' of type [org.springframework.transaction.annotation.ProxyTransactionManagementConfiguration$$EnhancerBySpringCGLIB$$b17dc540] is not eligible for getting processed by all BeanPostProcessors (for example: not eligible for auto-proxying)]
[2019-06-11] [23:53:35.322] [INFO] [o.s.b.w.e.t.TomcatWebServer] [TomcatWebServer.java:90 [Tomcat initialized with port(s): 8080 (http)]
[2019-06-11] [23:53:35.345] [INFO] [o.a.c.c.StandardService] [DirectJDKLog.java:173 [Starting service [Tomcat]]
[2019-06-11] [23:53:35.345] [INFO] [o.a.c.c.StandardEngine] [DirectJDKLog.java:173 [Starting Servlet engine: [Apache Tomcat/9.0.17]]
[2019-06-11] [23:53:35.464] [INFO] [o.a.c.c.C.[.[.[/]] [DirectJDKLog.java:173 [Initializing Spring embedded WebApplicationContext]
[2019-06-11] [23:53:35.464] [INFO] [o.s.w.c.ContextLoader] [ServletWebServerApplicationContext.java:296 [Root WebApplicationContext: initialization completed in 1546 ms]
[2019-06-11] [23:53:35.605] [INFO] [c.z.h.HikariDataSource] [HikariDataSource.java:110 [HikariPool-1 - Starting...]
[2019-06-11] [23:53:35.694] [INFO] [c.z.h.p.PoolBase] [PoolBase.java:525 [HikariPool-1 - Driver does not support get/set network timeout for connections. (org.h2.jdbc.JdbcConnection.getNetworkTimeout()I)]
[2019-06-11] [23:53:35.701] [INFO] [c.z.h.HikariDataSource] [HikariDataSource.java:123 [HikariPool-1 - Start completed.]
[2019-06-11] [23:53:35.759] [INFO] [o.h.j.i.u.LogHelper] [LogHelper.java:31 [HHH000204: Processing PersistenceUnitInfo [
	name: default
	...]]
[2019-06-11] [23:53:35.824] [INFO] [o.h.Version] [Version.java:46 [HHH000412: Hibernate Core {5.3.9.Final}]
[2019-06-11] [23:53:35.826] [INFO] [o.h.c.Environment] [Environment.java:213 [HHH000206: hibernate.properties not found]
[2019-06-11] [23:53:35.966] [INFO] [o.h.a.c.Version] [JavaReflectionManager.java:49 [HCANN000001: Hibernate Commons Annotations {5.0.4.Final}]
[2019-06-11] [23:53:36.107] [INFO] [o.h.d.Dialect] [Dialect.java:157 [HHH000400: Using dialect: org.hibernate.dialect.H2Dialect]
[2019-06-11] [23:53:36.153] [INFO] [o.h.e.j.e.i.LobCreatorBuilderImpl] [LobCreatorBuilderImpl.java:98 [HHH000423: Disabling contextual LOB creation as JDBC driver reported JDBC version [3] less than 4]
[2019-06-11] [23:53:36.684] [INFO] [o.h.t.s.i.SchemaCreatorImpl] [SchemaCreatorImpl.java:489 [HHH000476: Executing import script 'org.hibernate.tool.schema.internal.exec.ScriptSourceInputNonExistentImpl@35787726']
[2019-06-11] [23:53:36.687] [INFO] [o.s.o.j.LocalContainerEntityManagerFactoryBean] [AbstractEntityManagerFactoryBean.java:415 [Initialized JPA EntityManagerFactory for persistence unit 'default']
[2019-06-11] [23:53:37.267] [INFO] [o.s.s.c.ThreadPoolTaskExecutor] [ExecutorConfigurationSupport.java:171 [Initializing ExecutorService 'applicationTaskExecutor']
[2019-06-11] [23:53:37.308] [WARN] [o.s.b.a.o.j.JpaBaseConfiguration$JpaWebConfiguration$JpaWebMvcConfiguration] [JpaBaseConfiguration.java:237 [spring.jpa.open-in-view is enabled by default. Therefore, database queries may be performed during view rendering. Explicitly configure spring.jpa.open-in-view to disable this warning]
[2019-06-11] [23:53:37.401] [INFO] [o.s.b.a.w.s.WelcomePageHandlerMapping] [WelcomePageHandlerMapping.java:61 [Adding welcome page template: index]
[2019-06-11] [23:53:37.606] [INFO] [o.s.b.w.e.t.TomcatWebServer] [TomcatWebServer.java:204 [Tomcat started on port(s): 8080 (http) with context path '']
[2019-06-11] [23:53:37.607] [INFO] [c.e.b.BasicApplication] [StartupInfoLogger.java:59 [Started BasicApplication in 4.169 seconds (JVM running for 4.592)]
[2019-06-11] [23:53:37.609] [INFO] [c.e.b.BasicApplication] [BasicApplication.java:17 [hello]
[2019-06-11] [23:53:37.710] [INFO] [o.a.c.c.C.[.[.[/]] [DirectJDKLog.java:173 [Initializing Spring DispatcherServlet 'dispatcherServlet']
[2019-06-11] [23:53:37.711] [INFO] [o.s.w.s.DispatcherServlet] [FrameworkServlet.java:524 [Initializing Servlet 'dispatcherServlet']
[2019-06-11] [23:53:37.717] [INFO] [o.s.w.s.DispatcherServlet] [FrameworkServlet.java:546 [Completed initialization in 6 ms]
[2019-06-11] [23:53:39.960] [INFO] [o.h.h.i.QueryTranslatorFactoryInitiator] [QueryTranslatorFactoryInitiator.java:47 [HHH000397: Using ASTQueryTranslatorFactory]
[2019-06-11] [23:53:48.617] [ERROR] [o.a.c.c.C.[.[.[.[dispatcherServlet]] [DirectJDKLog.java:175 [Servlet.service() for servlet [dispatcherServlet] in context with path [] threw exception [Request processing failed; nested exception is org.springframework.dao.InvalidDataAccessApiUsageException: For input string: "test"; nested exception is java.lang.NumberFormatException: For input string: "test"] with root cause]
java.lang.NumberFormatException: For input string: "test"
	at java.lang.NumberFormatException.forInputString(NumberFormatException.java:65)
	at java.lang.Integer.parseInt(Integer.java:580)
	at java.lang.Integer.parseInt(Integer.java:615)
	at com.example.basic.repository.DslRepositorySupport.eqcheck(DslRepositorySupport.java:74)
	at com.example.basic.repository.DslRepositorySupport.SearchAllPage(DslRepositorySupport.java:58)
	at com.example.basic.repository.DslRepositorySupport$$FastClassBySpringCGLIB$$fa8ad03b.invoke(<generated>)
	at org.springframework.cglib.proxy.MethodProxy.invoke(MethodProxy.java:218)
	at org.springframework.aop.framework.CglibAopProxy$CglibMethodInvocation.invokeJoinpoint(CglibAopProxy.java:749)
	at org.springframework.aop.framework.ReflectiveMethodInvocation.proceed(ReflectiveMethodInvocation.java:163)
	at org.springframework.dao.support.PersistenceExceptionTranslationInterceptor.invoke(PersistenceExceptionTranslationInterceptor.java:139)
	at org.springframework.aop.framework.ReflectiveMethodInvocation.proceed(ReflectiveMethodInvocation.java:186)
	at org.springframework.aop.framework.CglibAopProxy$DynamicAdvisedInterceptor.intercept(CglibAopProxy.java:688)
	at com.example.basic.repository.DslRepositorySupport$$EnhancerBySpringCGLIB$$413b32b1.SearchAllPage(<generated>)
	at com.example.basic.service.DslServiceImpl.getSearchPageTable_2(DslServiceImpl.java:43)
	at com.example.basic.controller.BasicController.search_2(BasicController.java:88)
	at sun.reflect.NativeMethodAccessorImpl.invoke0(Native Method)
	at sun.reflect.NativeMethodAccessorImpl.invoke(NativeMethodAccessorImpl.java:62)
	at sun.reflect.DelegatingMethodAccessorImpl.invoke(DelegatingMethodAccessorImpl.java:43)
	at java.lang.reflect.Method.invoke(Method.java:498)
	at org.springframework.web.method.support.InvocableHandlerMethod.doInvoke(InvocableHandlerMethod.java:189)
	at org.springframework.web.method.support.InvocableHandlerMethod.invokeForRequest(InvocableHandlerMethod.java:138)
	at org.springframework.web.servlet.mvc.method.annotation.ServletInvocableHandlerMethod.invokeAndHandle(ServletInvocableHandlerMethod.java:102)
	at org.springframework.web.servlet.mvc.method.annotation.RequestMappingHandlerAdapter.invokeHandlerMethod(RequestMappingHandlerAdapter.java:892)
	at org.springframework.web.servlet.mvc.method.annotation.RequestMappingHandlerAdapter.handleInternal(RequestMappingHandlerAdapter.java:797)
	at org.springframework.web.servlet.mvc.method.AbstractHandlerMethodAdapter.handle(AbstractHandlerMethodAdapter.java:87)
	at org.springframework.web.servlet.DispatcherServlet.doDispatch(DispatcherServlet.java:1038)
	at org.springframework.web.servlet.DispatcherServlet.doService(DispatcherServlet.java:942)
	at org.springframework.web.servlet.FrameworkServlet.processRequest(FrameworkServlet.java:1005)
	at org.springframework.web.servlet.FrameworkServlet.doPost(FrameworkServlet.java:908)
	at javax.servlet.http.HttpServlet.service(HttpServlet.java:660)
	at org.springframework.web.servlet.FrameworkServlet.service(FrameworkServlet.java:882)
	at javax.servlet.http.HttpServlet.service(HttpServlet.java:741)
	at org.apache.catalina.core.ApplicationFilterChain.internalDoFilter(ApplicationFilterChain.java:231)
	at org.apache.catalina.core.ApplicationFilterChain.doFilter(ApplicationFilterChain.java:166)
	at org.apache.tomcat.websocket.server.WsFilter.doFilter(WsFilter.java:53)
	at org.apache.catalina.core.ApplicationFilterChain.internalDoFilter(ApplicationFilterChain.java:193)
	at org.apache.catalina.core.ApplicationFilterChain.doFilter(ApplicationFilterChain.java:166)
	at org.springframework.web.filter.RequestContextFilter.doFilterInternal(RequestContextFilter.java:99)
	at org.springframework.web.filter.OncePerRequestFilter.doFilter(OncePerRequestFilter.java:107)
	at org.apache.catalina.core.ApplicationFilterChain.internalDoFilter(ApplicationFilterChain.java:193)
	at org.apache.catalina.core.ApplicationFilterChain.doFilter(ApplicationFilterChain.java:166)
	at org.springframework.web.filter.FormContentFilter.doFilterInternal(FormContentFilter.java:92)
	at org.springframework.web.filter.OncePerRequestFilter.doFilter(OncePerRequestFilter.java:107)
	at org.apache.catalina.core.ApplicationFilterChain.internalDoFilter(ApplicationFilterChain.java:193)
	at org.apache.catalina.core.ApplicationFilterChain.doFilter(ApplicationFilterChain.java:166)
	at org.springframework.web.filter.HiddenHttpMethodFilter.doFilterInternal(HiddenHttpMethodFilter.java:93)
	at org.springframework.web.filter.OncePerRequestFilter.doFilter(OncePerRequestFilter.java:107)
	at org.apache.catalina.core.ApplicationFilterChain.internalDoFilter(ApplicationFilterChain.java:193)
	at org.apache.catalina.core.ApplicationFilterChain.doFilter(ApplicationFilterChain.java:166)
	at org.springframework.web.filter.CharacterEncodingFilter.doFilterInternal(CharacterEncodingFilter.java:200)
	at org.springframework.web.filter.OncePerRequestFilter.doFilter(OncePerRequestFilter.java:107)
	at org.apache.catalina.core.ApplicationFilterChain.internalDoFilter(ApplicationFilterChain.java:193)
	at org.apache.catalina.core.ApplicationFilterChain.doFilter(ApplicationFilterChain.java:166)
	at org.apache.catalina.core.StandardWrapperValve.invoke(StandardWrapperValve.java:200)
	at org.apache.catalina.core.StandardContextValve.invoke(StandardContextValve.java:96)
	at org.apache.catalina.authenticator.AuthenticatorBase.invoke(AuthenticatorBase.java:490)
	at org.apache.catalina.core.StandardHostValve.invoke(StandardHostValve.java:139)
	at org.apache.catalina.valves.ErrorReportValve.invoke(ErrorReportValve.java:92)
	at org.apache.catalina.core.StandardEngineValve.invoke(StandardEngineValve.java:74)
	at org.apache.catalina.connector.CoyoteAdapter.service(CoyoteAdapter.java:343)
	at org.apache.coyote.http11.Http11Processor.service(Http11Processor.java:408)
	at org.apache.coyote.AbstractProcessorLight.process(AbstractProcessorLight.java:66)
	at org.apache.coyote.AbstractProtocol$ConnectionHandler.process(AbstractProtocol.java:834)
	at org.apache.tomcat.util.net.NioEndpoint$SocketProcessor.doRun(NioEndpoint.java:1415)
	at org.apache.tomcat.util.net.SocketProcessorBase.run(SocketProcessorBase.java:49)
	at java.util.concurrent.ThreadPoolExecutor.runWorker(ThreadPoolExecutor.java:1149)
	at java.util.concurrent.ThreadPoolExecutor$Worker.run(ThreadPoolExecutor.java:624)
	at org.apache.tomcat.util.threads.TaskThread$WrappingRunnable.run(TaskThread.java:61)
	at java.lang.Thread.run(Thread.java:748)
[2019-06-11] [23:55:17.200] [INFO] [c.e.b.BasicApplication] [StartupInfoLogger.java:50 [Starting BasicApplication on DESKTOP-DI6BTT0 with PID 11632 (C:\2019Study\springboot-example\basic-example\out\production\classes started by woosun in C:\2019Study\springboot-example\basic-example)]
[2019-06-11] [23:55:17.204] [INFO] [c.e.b.BasicApplication] [SpringApplication.java:675 [No active profile set, falling back to default profiles: default]
[2019-06-11] [23:55:17.888] [INFO] [o.s.d.r.c.RepositoryConfigurationDelegate] [RepositoryConfigurationDelegate.java:126 [Bootstrapping Spring Data repositories in DEFAULT mode.]
[2019-06-11] [23:55:17.950] [INFO] [o.s.d.r.c.RepositoryConfigurationDelegate] [RepositoryConfigurationDelegate.java:182 [Finished Spring Data repository scanning in 55ms. Found 1 repository interfaces.]
[2019-06-11] [23:55:18.242] [INFO] [o.s.c.s.PostProcessorRegistrationDelegate$BeanPostProcessorChecker] [PostProcessorRegistrationDelegate.java:330 [Bean 'org.springframework.transaction.annotation.ProxyTransactionManagementConfiguration' of type [org.springframework.transaction.annotation.ProxyTransactionManagementConfiguration$$EnhancerBySpringCGLIB$$f80711cc] is not eligible for getting processed by all BeanPostProcessors (for example: not eligible for auto-proxying)]
[2019-06-11] [23:55:18.641] [INFO] [o.s.b.w.e.t.TomcatWebServer] [TomcatWebServer.java:90 [Tomcat initialized with port(s): 8080 (http)]
[2019-06-11] [23:55:18.663] [INFO] [o.a.c.c.StandardService] [DirectJDKLog.java:173 [Starting service [Tomcat]]
[2019-06-11] [23:55:18.664] [INFO] [o.a.c.c.StandardEngine] [DirectJDKLog.java:173 [Starting Servlet engine: [Apache Tomcat/9.0.17]]
[2019-06-11] [23:55:18.824] [INFO] [o.a.c.c.C.[.[.[/]] [DirectJDKLog.java:173 [Initializing Spring embedded WebApplicationContext]
[2019-06-11] [23:55:18.824] [INFO] [o.s.w.c.ContextLoader] [ServletWebServerApplicationContext.java:296 [Root WebApplicationContext: initialization completed in 1573 ms]
[2019-06-11] [23:55:18.915] [INFO] [c.z.h.HikariDataSource] [HikariDataSource.java:110 [HikariPool-1 - Starting...]
[2019-06-11] [23:55:18.995] [INFO] [c.z.h.p.PoolBase] [PoolBase.java:525 [HikariPool-1 - Driver does not support get/set network timeout for connections. (org.h2.jdbc.JdbcConnection.getNetworkTimeout()I)]
[2019-06-11] [23:55:19.002] [INFO] [c.z.h.HikariDataSource] [HikariDataSource.java:123 [HikariPool-1 - Start completed.]
[2019-06-11] [23:55:19.057] [INFO] [o.h.j.i.u.LogHelper] [LogHelper.java:31 [HHH000204: Processing PersistenceUnitInfo [
	name: default
	...]]
[2019-06-11] [23:55:19.122] [INFO] [o.h.Version] [Version.java:46 [HHH000412: Hibernate Core {5.3.9.Final}]
[2019-06-11] [23:55:19.124] [INFO] [o.h.c.Environment] [Environment.java:213 [HHH000206: hibernate.properties not found]
[2019-06-11] [23:55:19.257] [INFO] [o.h.a.c.Version] [JavaReflectionManager.java:49 [HCANN000001: Hibernate Commons Annotations {5.0.4.Final}]
[2019-06-11] [23:55:19.396] [INFO] [o.h.d.Dialect] [Dialect.java:157 [HHH000400: Using dialect: org.hibernate.dialect.H2Dialect]
[2019-06-11] [23:55:19.440] [INFO] [o.h.e.j.e.i.LobCreatorBuilderImpl] [LobCreatorBuilderImpl.java:98 [HHH000423: Disabling contextual LOB creation as JDBC driver reported JDBC version [3] less than 4]
[2019-06-11] [23:55:19.962] [INFO] [o.h.t.s.i.SchemaCreatorImpl] [SchemaCreatorImpl.java:489 [HHH000476: Executing import script 'org.hibernate.tool.schema.internal.exec.ScriptSourceInputNonExistentImpl@9cfc77']
[2019-06-11] [23:55:19.965] [INFO] [o.s.o.j.LocalContainerEntityManagerFactoryBean] [AbstractEntityManagerFactoryBean.java:415 [Initialized JPA EntityManagerFactory for persistence unit 'default']
[2019-06-11] [23:55:20.520] [INFO] [o.s.s.c.ThreadPoolTaskExecutor] [ExecutorConfigurationSupport.java:171 [Initializing ExecutorService 'applicationTaskExecutor']
[2019-06-11] [23:55:20.561] [WARN] [o.s.b.a.o.j.JpaBaseConfiguration$JpaWebConfiguration$JpaWebMvcConfiguration] [JpaBaseConfiguration.java:237 [spring.jpa.open-in-view is enabled by default. Therefore, database queries may be performed during view rendering. Explicitly configure spring.jpa.open-in-view to disable this warning]
[2019-06-11] [23:55:20.651] [INFO] [o.s.b.a.w.s.WelcomePageHandlerMapping] [WelcomePageHandlerMapping.java:61 [Adding welcome page template: index]
[2019-06-11] [23:55:20.851] [INFO] [o.s.b.w.e.t.TomcatWebServer] [TomcatWebServer.java:204 [Tomcat started on port(s): 8080 (http) with context path '']
[2019-06-11] [23:55:20.853] [INFO] [c.e.b.BasicApplication] [StartupInfoLogger.java:59 [Started BasicApplication in 4.056 seconds (JVM running for 4.457)]
[2019-06-11] [23:55:20.855] [INFO] [c.e.b.BasicApplication] [BasicApplication.java:17 [hello]
[2019-06-11] [23:55:24.672] [INFO] [o.a.c.c.C.[.[.[/]] [DirectJDKLog.java:173 [Initializing Spring DispatcherServlet 'dispatcherServlet']
[2019-06-11] [23:55:24.672] [INFO] [o.s.w.s.DispatcherServlet] [FrameworkServlet.java:524 [Initializing Servlet 'dispatcherServlet']
[2019-06-11] [23:55:24.679] [INFO] [o.s.w.s.DispatcherServlet] [FrameworkServlet.java:546 [Completed initialization in 7 ms]
[2019-06-11] [23:55:27.417] [INFO] [o.h.h.i.QueryTranslatorFactoryInitiator] [QueryTranslatorFactoryInitiator.java:47 [HHH000397: Using ASTQueryTranslatorFactory]
[2019-06-11] [23:55:38.737] [ERROR] [o.a.c.c.C.[.[.[.[dispatcherServlet]] [DirectJDKLog.java:175 [Servlet.service() for servlet [dispatcherServlet] in context with path [] threw exception [Request processing failed; nested exception is org.springframework.dao.InvalidDataAccessApiUsageException: For input string: "test"; nested exception is java.lang.NumberFormatException: For input string: "test"] with root cause]
java.lang.NumberFormatException: For input string: "test"
	at java.lang.NumberFormatException.forInputString(NumberFormatException.java:65)
	at java.lang.Integer.parseInt(Integer.java:580)
	at java.lang.Integer.parseInt(Integer.java:615)
	at com.example.basic.repository.DslRepositorySupport.eqcheck(DslRepositorySupport.java:74)
	at com.example.basic.repository.DslRepositorySupport.SearchAllPage(DslRepositorySupport.java:58)
	at com.example.basic.repository.DslRepositorySupport$$FastClassBySpringCGLIB$$fa8ad03b.invoke(<generated>)
	at org.springframework.cglib.proxy.MethodProxy.invoke(MethodProxy.java:218)
	at org.springframework.aop.framework.CglibAopProxy$CglibMethodInvocation.invokeJoinpoint(CglibAopProxy.java:749)
	at org.springframework.aop.framework.ReflectiveMethodInvocation.proceed(ReflectiveMethodInvocation.java:163)
	at org.springframework.dao.support.PersistenceExceptionTranslationInterceptor.invoke(PersistenceExceptionTranslationInterceptor.java:139)
	at org.springframework.aop.framework.ReflectiveMethodInvocation.proceed(ReflectiveMethodInvocation.java:186)
	at org.springframework.aop.framework.CglibAopProxy$DynamicAdvisedInterceptor.intercept(CglibAopProxy.java:688)
	at com.example.basic.repository.DslRepositorySupport$$EnhancerBySpringCGLIB$$16ccb86e.SearchAllPage(<generated>)
	at com.example.basic.service.DslServiceImpl.getSearchPageTable_2(DslServiceImpl.java:43)
	at com.example.basic.controller.BasicController.search_2(BasicController.java:88)
	at sun.reflect.NativeMethodAccessorImpl.invoke0(Native Method)
	at sun.reflect.NativeMethodAccessorImpl.invoke(NativeMethodAccessorImpl.java:62)
	at sun.reflect.DelegatingMethodAccessorImpl.invoke(DelegatingMethodAccessorImpl.java:43)
	at java.lang.reflect.Method.invoke(Method.java:498)
	at org.springframework.web.method.support.InvocableHandlerMethod.doInvoke(InvocableHandlerMethod.java:189)
	at org.springframework.web.method.support.InvocableHandlerMethod.invokeForRequest(InvocableHandlerMethod.java:138)
	at org.springframework.web.servlet.mvc.method.annotation.ServletInvocableHandlerMethod.invokeAndHandle(ServletInvocableHandlerMethod.java:102)
	at org.springframework.web.servlet.mvc.method.annotation.RequestMappingHandlerAdapter.invokeHandlerMethod(RequestMappingHandlerAdapter.java:892)
	at org.springframework.web.servlet.mvc.method.annotation.RequestMappingHandlerAdapter.handleInternal(RequestMappingHandlerAdapter.java:797)
	at org.springframework.web.servlet.mvc.method.AbstractHandlerMethodAdapter.handle(AbstractHandlerMethodAdapter.java:87)
	at org.springframework.web.servlet.DispatcherServlet.doDispatch(DispatcherServlet.java:1038)
	at org.springframework.web.servlet.DispatcherServlet.doService(DispatcherServlet.java:942)
	at org.springframework.web.servlet.FrameworkServlet.processRequest(FrameworkServlet.java:1005)
	at org.springframework.web.servlet.FrameworkServlet.doPost(FrameworkServlet.java:908)
	at javax.servlet.http.HttpServlet.service(HttpServlet.java:660)
	at org.springframework.web.servlet.FrameworkServlet.service(FrameworkServlet.java:882)
	at javax.servlet.http.HttpServlet.service(HttpServlet.java:741)
	at org.apache.catalina.core.ApplicationFilterChain.internalDoFilter(ApplicationFilterChain.java:231)
	at org.apache.catalina.core.ApplicationFilterChain.doFilter(ApplicationFilterChain.java:166)
	at org.apache.tomcat.websocket.server.WsFilter.doFilter(WsFilter.java:53)
	at org.apache.catalina.core.ApplicationFilterChain.internalDoFilter(ApplicationFilterChain.java:193)
	at org.apache.catalina.core.ApplicationFilterChain.doFilter(ApplicationFilterChain.java:166)
	at org.springframework.web.filter.RequestContextFilter.doFilterInternal(RequestContextFilter.java:99)
	at org.springframework.web.filter.OncePerRequestFilter.doFilter(OncePerRequestFilter.java:107)
	at org.apache.catalina.core.ApplicationFilterChain.internalDoFilter(ApplicationFilterChain.java:193)
	at org.apache.catalina.core.ApplicationFilterChain.doFilter(ApplicationFilterChain.java:166)
	at org.springframework.web.filter.FormContentFilter.doFilterInternal(FormContentFilter.java:92)
	at org.springframework.web.filter.OncePerRequestFilter.doFilter(OncePerRequestFilter.java:107)
	at org.apache.catalina.core.ApplicationFilterChain.internalDoFilter(ApplicationFilterChain.java:193)
	at org.apache.catalina.core.ApplicationFilterChain.doFilter(ApplicationFilterChain.java:166)
	at org.springframework.web.filter.HiddenHttpMethodFilter.doFilterInternal(HiddenHttpMethodFilter.java:93)
	at org.springframework.web.filter.OncePerRequestFilter.doFilter(OncePerRequestFilter.java:107)
	at org.apache.catalina.core.ApplicationFilterChain.internalDoFilter(ApplicationFilterChain.java:193)
	at org.apache.catalina.core.ApplicationFilterChain.doFilter(ApplicationFilterChain.java:166)
	at org.springframework.web.filter.CharacterEncodingFilter.doFilterInternal(CharacterEncodingFilter.java:200)
	at org.springframework.web.filter.OncePerRequestFilter.doFilter(OncePerRequestFilter.java:107)
	at org.apache.catalina.core.ApplicationFilterChain.internalDoFilter(ApplicationFilterChain.java:193)
	at org.apache.catalina.core.ApplicationFilterChain.doFilter(ApplicationFilterChain.java:166)
	at org.apache.catalina.core.StandardWrapperValve.invoke(StandardWrapperValve.java:200)
	at org.apache.catalina.core.StandardContextValve.invoke(StandardContextValve.java:96)
	at org.apache.catalina.authenticator.AuthenticatorBase.invoke(AuthenticatorBase.java:490)
	at org.apache.catalina.core.StandardHostValve.invoke(StandardHostValve.java:139)
	at org.apache.catalina.valves.ErrorReportValve.invoke(ErrorReportValve.java:92)
	at org.apache.catalina.core.StandardEngineValve.invoke(StandardEngineValve.java:74)
	at org.apache.catalina.connector.CoyoteAdapter.service(CoyoteAdapter.java:343)
	at org.apache.coyote.http11.Http11Processor.service(Http11Processor.java:408)
	at org.apache.coyote.AbstractProcessorLight.process(AbstractProcessorLight.java:66)
	at org.apache.coyote.AbstractProtocol$ConnectionHandler.process(AbstractProtocol.java:834)
	at org.apache.tomcat.util.net.NioEndpoint$SocketProcessor.doRun(NioEndpoint.java:1415)
	at org.apache.tomcat.util.net.SocketProcessorBase.run(SocketProcessorBase.java:49)
	at java.util.concurrent.ThreadPoolExecutor.runWorker(ThreadPoolExecutor.java:1149)
	at java.util.concurrent.ThreadPoolExecutor$Worker.run(ThreadPoolExecutor.java:624)
	at org.apache.tomcat.util.threads.TaskThread$WrappingRunnable.run(TaskThread.java:61)
	at java.lang.Thread.run(Thread.java:748)
[2019-06-11] [23:56:57.240] [INFO] [c.e.b.BasicApplication] [StartupInfoLogger.java:50 [Starting BasicApplication on DESKTOP-DI6BTT0 with PID 15436 (C:\2019Study\springboot-example\basic-example\out\production\classes started by woosun in C:\2019Study\springboot-example\basic-example)]
[2019-06-11] [23:56:57.242] [INFO] [c.e.b.BasicApplication] [SpringApplication.java:675 [No active profile set, falling back to default profiles: default]
[2019-06-11] [23:56:57.920] [INFO] [o.s.d.r.c.RepositoryConfigurationDelegate] [RepositoryConfigurationDelegate.java:126 [Bootstrapping Spring Data repositories in DEFAULT mode.]
[2019-06-11] [23:56:57.978] [INFO] [o.s.d.r.c.RepositoryConfigurationDelegate] [RepositoryConfigurationDelegate.java:182 [Finished Spring Data repository scanning in 52ms. Found 1 repository interfaces.]
[2019-06-11] [23:56:58.269] [INFO] [o.s.c.s.PostProcessorRegistrationDelegate$BeanPostProcessorChecker] [PostProcessorRegistrationDelegate.java:330 [Bean 'org.springframework.transaction.annotation.ProxyTransactionManagementConfiguration' of type [org.springframework.transaction.annotation.ProxyTransactionManagementConfiguration$$EnhancerBySpringCGLIB$$75fb2ab] is not eligible for getting processed by all BeanPostProcessors (for example: not eligible for auto-proxying)]
[2019-06-11] [23:56:58.716] [INFO] [o.s.b.w.e.t.TomcatWebServer] [TomcatWebServer.java:90 [Tomcat initialized with port(s): 8080 (http)]
[2019-06-11] [23:56:58.741] [INFO] [o.a.c.c.StandardService] [DirectJDKLog.java:173 [Starting service [Tomcat]]
[2019-06-11] [23:56:58.742] [INFO] [o.a.c.c.StandardEngine] [DirectJDKLog.java:173 [Starting Servlet engine: [Apache Tomcat/9.0.17]]
[2019-06-11] [23:56:58.867] [INFO] [o.a.c.c.C.[.[.[/]] [DirectJDKLog.java:173 [Initializing Spring embedded WebApplicationContext]
[2019-06-11] [23:56:58.867] [INFO] [o.s.w.c.ContextLoader] [ServletWebServerApplicationContext.java:296 [Root WebApplicationContext: initialization completed in 1581 ms]
[2019-06-11] [23:56:58.995] [INFO] [c.z.h.HikariDataSource] [HikariDataSource.java:110 [HikariPool-1 - Starting...]
[2019-06-11] [23:56:59.074] [INFO] [c.z.h.p.PoolBase] [PoolBase.java:525 [HikariPool-1 - Driver does not support get/set network timeout for connections. (org.h2.jdbc.JdbcConnection.getNetworkTimeout()I)]
[2019-06-11] [23:56:59.081] [INFO] [c.z.h.HikariDataSource] [HikariDataSource.java:123 [HikariPool-1 - Start completed.]
[2019-06-11] [23:56:59.135] [INFO] [o.h.j.i.u.LogHelper] [LogHelper.java:31 [HHH000204: Processing PersistenceUnitInfo [
	name: default
	...]]
[2019-06-11] [23:56:59.197] [INFO] [o.h.Version] [Version.java:46 [HHH000412: Hibernate Core {5.3.9.Final}]
[2019-06-11] [23:56:59.199] [INFO] [o.h.c.Environment] [Environment.java:213 [HHH000206: hibernate.properties not found]
[2019-06-11] [23:56:59.342] [INFO] [o.h.a.c.Version] [JavaReflectionManager.java:49 [HCANN000001: Hibernate Commons Annotations {5.0.4.Final}]
[2019-06-11] [23:56:59.493] [INFO] [o.h.d.Dialect] [Dialect.java:157 [HHH000400: Using dialect: org.hibernate.dialect.H2Dialect]
[2019-06-11] [23:56:59.537] [INFO] [o.h.e.j.e.i.LobCreatorBuilderImpl] [LobCreatorBuilderImpl.java:98 [HHH000423: Disabling contextual LOB creation as JDBC driver reported JDBC version [3] less than 4]
[2019-06-11] [23:57:00.072] [INFO] [o.h.t.s.i.SchemaCreatorImpl] [SchemaCreatorImpl.java:489 [HHH000476: Executing import script 'org.hibernate.tool.schema.internal.exec.ScriptSourceInputNonExistentImpl@3a1b36a1']
[2019-06-11] [23:57:00.075] [INFO] [o.s.o.j.LocalContainerEntityManagerFactoryBean] [AbstractEntityManagerFactoryBean.java:415 [Initialized JPA EntityManagerFactory for persistence unit 'default']
[2019-06-11] [23:57:00.667] [INFO] [o.s.s.c.ThreadPoolTaskExecutor] [ExecutorConfigurationSupport.java:171 [Initializing ExecutorService 'applicationTaskExecutor']
[2019-06-11] [23:57:00.712] [WARN] [o.s.b.a.o.j.JpaBaseConfiguration$JpaWebConfiguration$JpaWebMvcConfiguration] [JpaBaseConfiguration.java:237 [spring.jpa.open-in-view is enabled by default. Therefore, database queries may be performed during view rendering. Explicitly configure spring.jpa.open-in-view to disable this warning]
[2019-06-11] [23:57:00.951] [INFO] [o.s.b.a.w.s.WelcomePageHandlerMapping] [WelcomePageHandlerMapping.java:61 [Adding welcome page template: index]
[2019-06-11] [23:57:01.065] [INFO] [o.s.b.w.e.t.TomcatWebServer] [TomcatWebServer.java:204 [Tomcat started on port(s): 8080 (http) with context path '']
[2019-06-11] [23:57:01.068] [INFO] [c.e.b.BasicApplication] [StartupInfoLogger.java:59 [Started BasicApplication in 4.243 seconds (JVM running for 4.647)]
[2019-06-11] [23:57:01.068] [INFO] [c.e.b.BasicApplication] [BasicApplication.java:17 [hello]
[2019-06-11] [23:57:01.106] [INFO] [o.a.c.c.C.[.[.[/]] [DirectJDKLog.java:173 [Initializing Spring DispatcherServlet 'dispatcherServlet']
[2019-06-11] [23:57:01.107] [INFO] [o.s.w.s.DispatcherServlet] [FrameworkServlet.java:524 [Initializing Servlet 'dispatcherServlet']
[2019-06-11] [23:57:01.113] [INFO] [o.s.w.s.DispatcherServlet] [FrameworkServlet.java:546 [Completed initialization in 5 ms]
[2019-06-11] [23:57:01.216] [INFO] [o.h.h.i.QueryTranslatorFactoryInitiator] [QueryTranslatorFactoryInitiator.java:47 [HHH000397: Using ASTQueryTranslatorFactory]
[2019-06-11] [23:57:14.927] [ERROR] [o.a.c.c.C.[.[.[.[dispatcherServlet]] [DirectJDKLog.java:175 [Servlet.service() for servlet [dispatcherServlet] in context with path [] threw exception [Request processing failed; nested exception is org.springframework.dao.InvalidDataAccessApiUsageException: For input string: "test"; nested exception is java.lang.NumberFormatException: For input string: "test"] with root cause]
java.lang.NumberFormatException: For input string: "test"
	at java.lang.NumberFormatException.forInputString(NumberFormatException.java:65)
	at java.lang.Integer.parseInt(Integer.java:580)
	at java.lang.Integer.parseInt(Integer.java:615)
	at com.example.basic.repository.DslRepositorySupport.eqcheck(DslRepositorySupport.java:87)
	at com.example.basic.repository.DslRepositorySupport.SearchAllPage(DslRepositorySupport.java:58)
	at com.example.basic.repository.DslRepositorySupport$$FastClassBySpringCGLIB$$fa8ad03b.invoke(<generated>)
	at org.springframework.cglib.proxy.MethodProxy.invoke(MethodProxy.java:218)
	at org.springframework.aop.framework.CglibAopProxy$CglibMethodInvocation.invokeJoinpoint(CglibAopProxy.java:749)
	at org.springframework.aop.framework.ReflectiveMethodInvocation.proceed(ReflectiveMethodInvocation.java:163)
	at org.springframework.dao.support.PersistenceExceptionTranslationInterceptor.invoke(PersistenceExceptionTranslationInterceptor.java:139)
	at org.springframework.aop.framework.ReflectiveMethodInvocation.proceed(ReflectiveMethodInvocation.java:186)
	at org.springframework.aop.framework.CglibAopProxy$DynamicAdvisedInterceptor.intercept(CglibAopProxy.java:688)
	at com.example.basic.repository.DslRepositorySupport$$EnhancerBySpringCGLIB$$4b44f83e.SearchAllPage(<generated>)
	at com.example.basic.service.DslServiceImpl.getSearchPageTable_2(DslServiceImpl.java:43)
	at com.example.basic.controller.BasicController.search_2(BasicController.java:88)
	at sun.reflect.NativeMethodAccessorImpl.invoke0(Native Method)
	at sun.reflect.NativeMethodAccessorImpl.invoke(NativeMethodAccessorImpl.java:62)
	at sun.reflect.DelegatingMethodAccessorImpl.invoke(DelegatingMethodAccessorImpl.java:43)
	at java.lang.reflect.Method.invoke(Method.java:498)
	at org.springframework.web.method.support.InvocableHandlerMethod.doInvoke(InvocableHandlerMethod.java:189)
	at org.springframework.web.method.support.InvocableHandlerMethod.invokeForRequest(InvocableHandlerMethod.java:138)
	at org.springframework.web.servlet.mvc.method.annotation.ServletInvocableHandlerMethod.invokeAndHandle(ServletInvocableHandlerMethod.java:102)
	at org.springframework.web.servlet.mvc.method.annotation.RequestMappingHandlerAdapter.invokeHandlerMethod(RequestMappingHandlerAdapter.java:892)
	at org.springframework.web.servlet.mvc.method.annotation.RequestMappingHandlerAdapter.handleInternal(RequestMappingHandlerAdapter.java:797)
	at org.springframework.web.servlet.mvc.method.AbstractHandlerMethodAdapter.handle(AbstractHandlerMethodAdapter.java:87)
	at org.springframework.web.servlet.DispatcherServlet.doDispatch(DispatcherServlet.java:1038)
	at org.springframework.web.servlet.DispatcherServlet.doService(DispatcherServlet.java:942)
	at org.springframework.web.servlet.FrameworkServlet.processRequest(FrameworkServlet.java:1005)
	at org.springframework.web.servlet.FrameworkServlet.doPost(FrameworkServlet.java:908)
	at javax.servlet.http.HttpServlet.service(HttpServlet.java:660)
	at org.springframework.web.servlet.FrameworkServlet.service(FrameworkServlet.java:882)
	at javax.servlet.http.HttpServlet.service(HttpServlet.java:741)
	at org.apache.catalina.core.ApplicationFilterChain.internalDoFilter(ApplicationFilterChain.java:231)
	at org.apache.catalina.core.ApplicationFilterChain.doFilter(ApplicationFilterChain.java:166)
	at org.apache.tomcat.websocket.server.WsFilter.doFilter(WsFilter.java:53)
	at org.apache.catalina.core.ApplicationFilterChain.internalDoFilter(ApplicationFilterChain.java:193)
	at org.apache.catalina.core.ApplicationFilterChain.doFilter(ApplicationFilterChain.java:166)
	at org.springframework.web.filter.RequestContextFilter.doFilterInternal(RequestContextFilter.java:99)
	at org.springframework.web.filter.OncePerRequestFilter.doFilter(OncePerRequestFilter.java:107)
	at org.apache.catalina.core.ApplicationFilterChain.internalDoFilter(ApplicationFilterChain.java:193)
	at org.apache.catalina.core.ApplicationFilterChain.doFilter(ApplicationFilterChain.java:166)
	at org.springframework.web.filter.FormContentFilter.doFilterInternal(FormContentFilter.java:92)
	at org.springframework.web.filter.OncePerRequestFilter.doFilter(OncePerRequestFilter.java:107)
	at org.apache.catalina.core.ApplicationFilterChain.internalDoFilter(ApplicationFilterChain.java:193)
	at org.apache.catalina.core.ApplicationFilterChain.doFilter(ApplicationFilterChain.java:166)
	at org.springframework.web.filter.HiddenHttpMethodFilter.doFilterInternal(HiddenHttpMethodFilter.java:93)
	at org.springframework.web.filter.OncePerRequestFilter.doFilter(OncePerRequestFilter.java:107)
	at org.apache.catalina.core.ApplicationFilterChain.internalDoFilter(ApplicationFilterChain.java:193)
	at org.apache.catalina.core.ApplicationFilterChain.doFilter(ApplicationFilterChain.java:166)
	at org.springframework.web.filter.CharacterEncodingFilter.doFilterInternal(CharacterEncodingFilter.java:200)
	at org.springframework.web.filter.OncePerRequestFilter.doFilter(OncePerRequestFilter.java:107)
	at org.apache.catalina.core.ApplicationFilterChain.internalDoFilter(ApplicationFilterChain.java:193)
	at org.apache.catalina.core.ApplicationFilterChain.doFilter(ApplicationFilterChain.java:166)
	at org.apache.catalina.core.StandardWrapperValve.invoke(StandardWrapperValve.java:200)
	at org.apache.catalina.core.StandardContextValve.invoke(StandardContextValve.java:96)
	at org.apache.catalina.authenticator.AuthenticatorBase.invoke(AuthenticatorBase.java:490)
	at org.apache.catalina.core.StandardHostValve.invoke(StandardHostValve.java:139)
	at org.apache.catalina.valves.ErrorReportValve.invoke(ErrorReportValve.java:92)
	at org.apache.catalina.core.StandardEngineValve.invoke(StandardEngineValve.java:74)
	at org.apache.catalina.connector.CoyoteAdapter.service(CoyoteAdapter.java:343)
	at org.apache.coyote.http11.Http11Processor.service(Http11Processor.java:408)
	at org.apache.coyote.AbstractProcessorLight.process(AbstractProcessorLight.java:66)
	at org.apache.coyote.AbstractProtocol$ConnectionHandler.process(AbstractProtocol.java:834)
	at org.apache.tomcat.util.net.NioEndpoint$SocketProcessor.doRun(NioEndpoint.java:1415)
	at org.apache.tomcat.util.net.SocketProcessorBase.run(SocketProcessorBase.java:49)
	at java.util.concurrent.ThreadPoolExecutor.runWorker(ThreadPoolExecutor.java:1149)
	at java.util.concurrent.ThreadPoolExecutor$Worker.run(ThreadPoolExecutor.java:624)
	at org.apache.tomcat.util.threads.TaskThread$WrappingRunnable.run(TaskThread.java:61)
	at java.lang.Thread.run(Thread.java:748)
[2019-06-11] [23:58:00.675] [INFO] [c.e.b.BasicApplication] [StartupInfoLogger.java:50 [Starting BasicApplication on DESKTOP-DI6BTT0 with PID 17712 (C:\2019Study\springboot-example\basic-example\out\production\classes started by woosun in C:\2019Study\springboot-example\basic-example)]
[2019-06-11] [23:58:00.678] [INFO] [c.e.b.BasicApplication] [SpringApplication.java:675 [No active profile set, falling back to default profiles: default]
[2019-06-11] [23:58:01.288] [INFO] [o.s.d.r.c.RepositoryConfigurationDelegate] [RepositoryConfigurationDelegate.java:126 [Bootstrapping Spring Data repositories in DEFAULT mode.]
[2019-06-11] [23:58:01.346] [INFO] [o.s.d.r.c.RepositoryConfigurationDelegate] [RepositoryConfigurationDelegate.java:182 [Finished Spring Data repository scanning in 50ms. Found 1 repository interfaces.]
[2019-06-11] [23:58:01.640] [INFO] [o.s.c.s.PostProcessorRegistrationDelegate$BeanPostProcessorChecker] [PostProcessorRegistrationDelegate.java:330 [Bean 'org.springframework.transaction.annotation.ProxyTransactionManagementConfiguration' of type [org.springframework.transaction.annotation.ProxyTransactionManagementConfiguration$$EnhancerBySpringCGLIB$$ba3de3fa] is not eligible for getting processed by all BeanPostProcessors (for example: not eligible for auto-proxying)]
[2019-06-11] [23:58:02.045] [INFO] [o.s.b.w.e.t.TomcatWebServer] [TomcatWebServer.java:90 [Tomcat initialized with port(s): 8080 (http)]
[2019-06-11] [23:58:02.067] [INFO] [o.a.c.c.StandardService] [DirectJDKLog.java:173 [Starting service [Tomcat]]
[2019-06-11] [23:58:02.068] [INFO] [o.a.c.c.StandardEngine] [DirectJDKLog.java:173 [Starting Servlet engine: [Apache Tomcat/9.0.17]]
[2019-06-11] [23:58:02.217] [INFO] [o.a.c.c.C.[.[.[/]] [DirectJDKLog.java:173 [Initializing Spring embedded WebApplicationContext]
[2019-06-11] [23:58:02.218] [INFO] [o.s.w.c.ContextLoader] [ServletWebServerApplicationContext.java:296 [Root WebApplicationContext: initialization completed in 1490 ms]
[2019-06-11] [23:58:02.310] [INFO] [c.z.h.HikariDataSource] [HikariDataSource.java:110 [HikariPool-1 - Starting...]
[2019-06-11] [23:58:02.394] [INFO] [c.z.h.p.PoolBase] [PoolBase.java:525 [HikariPool-1 - Driver does not support get/set network timeout for connections. (org.h2.jdbc.JdbcConnection.getNetworkTimeout()I)]
[2019-06-11] [23:58:02.402] [INFO] [c.z.h.HikariDataSource] [HikariDataSource.java:123 [HikariPool-1 - Start completed.]
[2019-06-11] [23:58:02.460] [INFO] [o.h.j.i.u.LogHelper] [LogHelper.java:31 [HHH000204: Processing PersistenceUnitInfo [
	name: default
	...]]
[2019-06-11] [23:58:02.525] [INFO] [o.h.Version] [Version.java:46 [HHH000412: Hibernate Core {5.3.9.Final}]
[2019-06-11] [23:58:02.527] [INFO] [o.h.c.Environment] [Environment.java:213 [HHH000206: hibernate.properties not found]
[2019-06-11] [23:58:02.669] [INFO] [o.h.a.c.Version] [JavaReflectionManager.java:49 [HCANN000001: Hibernate Commons Annotations {5.0.4.Final}]
[2019-06-11] [23:58:02.809] [INFO] [o.h.d.Dialect] [Dialect.java:157 [HHH000400: Using dialect: org.hibernate.dialect.H2Dialect]
[2019-06-11] [23:58:02.852] [INFO] [o.h.e.j.e.i.LobCreatorBuilderImpl] [LobCreatorBuilderImpl.java:98 [HHH000423: Disabling contextual LOB creation as JDBC driver reported JDBC version [3] less than 4]
[2019-06-11] [23:58:03.365] [INFO] [o.h.t.s.i.SchemaCreatorImpl] [SchemaCreatorImpl.java:489 [HHH000476: Executing import script 'org.hibernate.tool.schema.internal.exec.ScriptSourceInputNonExistentImpl@44e4cb76']
[2019-06-11] [23:58:03.368] [INFO] [o.s.o.j.LocalContainerEntityManagerFactoryBean] [AbstractEntityManagerFactoryBean.java:415 [Initialized JPA EntityManagerFactory for persistence unit 'default']
[2019-06-11] [23:58:03.940] [INFO] [o.s.s.c.ThreadPoolTaskExecutor] [ExecutorConfigurationSupport.java:171 [Initializing ExecutorService 'applicationTaskExecutor']
[2019-06-11] [23:58:03.982] [WARN] [o.s.b.a.o.j.JpaBaseConfiguration$JpaWebConfiguration$JpaWebMvcConfiguration] [JpaBaseConfiguration.java:237 [spring.jpa.open-in-view is enabled by default. Therefore, database queries may be performed during view rendering. Explicitly configure spring.jpa.open-in-view to disable this warning]
[2019-06-11] [23:58:04.163] [INFO] [o.s.b.a.w.s.WelcomePageHandlerMapping] [WelcomePageHandlerMapping.java:61 [Adding welcome page template: index]
[2019-06-11] [23:58:04.274] [INFO] [o.s.b.w.e.t.TomcatWebServer] [TomcatWebServer.java:204 [Tomcat started on port(s): 8080 (http) with context path '']
[2019-06-11] [23:58:04.276] [INFO] [c.e.b.BasicApplication] [StartupInfoLogger.java:59 [Started BasicApplication in 4.015 seconds (JVM running for 4.42)]
[2019-06-11] [23:58:04.277] [INFO] [c.e.b.BasicApplication] [BasicApplication.java:17 [hello]
[2019-06-11] [23:58:05.567] [INFO] [o.a.c.c.C.[.[.[/]] [DirectJDKLog.java:173 [Initializing Spring DispatcherServlet 'dispatcherServlet']
[2019-06-11] [23:58:05.567] [INFO] [o.s.w.s.DispatcherServlet] [FrameworkServlet.java:524 [Initializing Servlet 'dispatcherServlet']
[2019-06-11] [23:58:05.573] [INFO] [o.s.w.s.DispatcherServlet] [FrameworkServlet.java:546 [Completed initialization in 6 ms]
[2019-06-11] [23:58:10.531] [INFO] [o.h.h.i.QueryTranslatorFactoryInitiator] [QueryTranslatorFactoryInitiator.java:47 [HHH000397: Using ASTQueryTranslatorFactory]
